aws_security_group.main: Creating...
  description:                          "" => "Managed by Terraform"
  egress.#:                             "" => "1"
  egress.482069346.cidr_blocks.#:       "" => "1"
  egress.482069346.cidr_blocks.0:       "" => "0.0.0.0/0"
  egress.482069346.from_port:           "" => "0"
  egress.482069346.prefix_list_ids.#:   "" => "0"
  egress.482069346.protocol:            "" => "-1"
  egress.482069346.security_groups.#:   "" => "0"
  egress.482069346.self:                "" => "false"
  egress.482069346.to_port:             "" => "0"
  ingress.#:                            "" => "1"
  ingress.2541437006.cidr_blocks.#:     "" => "1"
  ingress.2541437006.cidr_blocks.0:     "" => "0.0.0.0/0"
  ingress.2541437006.from_port:         "" => "22"
  ingress.2541437006.protocol:          "" => "tcp"
  ingress.2541437006.security_groups.#: "" => "0"
  ingress.2541437006.self:              "" => "false"
  ingress.2541437006.to_port:           "" => "22"
  name:                                 "" => "an-instance-main-sg"
  owner_id:                             "" => "<computed>"
  tags.%:                               "" => "1"
  tags.Name:                            "" => "an-instance-main-sg"
  vpc_id:                               "" => "vpc-2c1c2849"
Error applying plan:

1 error(s) occurred:

* aws_security_group.main: Error creating Security Group: InvalidGroup.Duplicate: The security group 'an-instance-main-sg' already exists for VPC 'vpc-2c1c2849'
	status code: 400, request id: 17869126-5483-4f35-84df-7505e1134064

Terraform does not automatically rollback in the face of errors.
Instead, your Terraform state file has been partially updated with
any resources that successfully completed. Please address the error
above and apply again to incrementally change your infrastructure.
