aws_security_group.main: Creating...
  description:                          "" => "Managed by Terraform"
  egress.#:                             "" => "1"
  egress.482069346.cidr_blocks.#:       "" => "1"
  egress.482069346.cidr_blocks.0:       "" => "0.0.0.0/0"
  egress.482069346.from_port:           "" => "0"
  egress.482069346.prefix_list_ids.#:   "" => "0"
  egress.482069346.protocol:            "" => "-1"
  egress.482069346.security_groups.#:   "" => "0"
  egress.482069346.self:                "" => "false"
  egress.482069346.to_port:             "" => "0"
  ingress.#:                            "" => "2"
  ingress.1799340084.cidr_blocks.#:     "" => "1"
  ingress.1799340084.cidr_blocks.0:     "" => "0.0.0.0/0"
  ingress.1799340084.from_port:         "" => "-1"
  ingress.1799340084.protocol:          "" => "icmp"
  ingress.1799340084.security_groups.#: "" => "0"
  ingress.1799340084.self:              "" => "false"
  ingress.1799340084.to_port:           "" => "-1"
  ingress.2541437006.cidr_blocks.#:     "" => "1"
  ingress.2541437006.cidr_blocks.0:     "" => "0.0.0.0/0"
  ingress.2541437006.from_port:         "" => "22"
  ingress.2541437006.protocol:          "" => "tcp"
  ingress.2541437006.security_groups.#: "" => "0"
  ingress.2541437006.self:              "" => "false"
  ingress.2541437006.to_port:           "" => "22"
  name:                                 "" => "an-instance-main-sg"
  owner_id:                             "" => "<computed>"
  tags.%:                               "" => "1"
  tags.Name:                            "" => "an-instance-main-sg"
  vpc_id:                               "" => "vpc-2c1c2849"
Error applying plan:

1 error(s) occurred:

* aws_security_group.main: Error creating Security Group: InvalidVpcID.NotFound: The vpc ID 'vpc-2c1c2849' does not exist
	status code: 400, request id: 0e81bb51-25ce-428f-9ae7-c888ebd637a9

Terraform does not automatically rollback in the face of errors.
Instead, your Terraform state file has been partially updated with
any resources that successfully completed. Please address the error
above and apply again to incrementally change your infrastructure.
