aws_security_group.main: Modifying...
  ingress.#:                            "1" => "2"
  ingress.1262053020.cidr_blocks.#:     "0" => "1"
  ingress.1262053020.cidr_blocks.0:     "" => "0.0.0.0/0"
  ingress.1262053020.from_port:         "" => "8"
  ingress.1262053020.protocol:          "" => "icp"
  ingress.1262053020.security_groups.#: "0" => "0"
  ingress.1262053020.self:              "" => "false"
  ingress.1262053020.to_port:           "" => "0"
  ingress.2541437006.cidr_blocks.#:     "1" => "1"
  ingress.2541437006.cidr_blocks.0:     "0.0.0.0/0" => "0.0.0.0/0"
  ingress.2541437006.from_port:         "22" => "22"
  ingress.2541437006.protocol:          "tcp" => "tcp"
  ingress.2541437006.security_groups.#: "0" => "0"
  ingress.2541437006.self:              "false" => "false"
  ingress.2541437006.to_port:           "22" => "22"
Error applying plan:

1 error(s) occurred:

* aws_security_group.main: Error authorizing security group ingress rules: InvalidParameterValue: Invalid value 'icp' for IP protocol. Unknown protocol.
	status code: 400, request id: 8c9fe009-f239-4c8b-a4d0-f515471cdb63

Terraform does not automatically rollback in the face of errors.
Instead, your Terraform state file has been partially updated with
any resources that successfully completed. Please address the error
above and apply again to incrementally change your infrastructure.
